-------------------------------------------------------------------------------
Test set: com.tddteste.NavioTest
-------------------------------------------------------------------------------
Tests run: 2, Failures: 1, Errors: 0, Skipped: 0, Time elapsed: 0.054 s <<< FAILURE! - in com.tddteste.NavioTest
shouldNotCreateNewNavioWithWrongValues(com.tddteste.NavioTest)  Time elapsed: 0.013 s  <<< FAILURE!
java.lang.AssertionError: expected null, but was:<com.tddteste.Navio@36d4b5c>
	at com.tddteste.NavioTest.shouldNotCreateNewNavioWithWrongValues(NavioTest.java:23)

